<?xml version="1.0" encoding="UTF-8"?>
<!-- Generated by org.testng.reporters.JUnitXMLReporter -->
<testsuite ignored="0" hostname="LAPTOP-OBPDDUQN" failures="0" tests="3" name="Default test" time="8.432" errors="0" timestamp="2019-09-19T22:25:19 IST">
  <testcase classname="testFrames.NewTest" name="readData" time="0.004"/>
  <testcase classname="testFrames.NewTest" name="readData" time="0.0"/>
  <testcase classname="testFrames.NewTest" name="testFrames" time="0.069"/>
</testsuite> <!-- Default test -->
